=== Starting brief generation: Sat Mar  7 03:14:46 PM UTC 2026 ===
[main 6c8ba17] Update Afternoon brief: Saturday, March 7, 2026 03:14 PM
 3 files changed, 3 insertions(+), 3 deletions(-)
To github.com:nikhilist/morning-brief.git
   5bf7ce9..6c8ba17  main -> main
Afternoon brief generated with delta tracking
GitHub Pages: https://nikhilist.github.io/morning-brief/
=== Finished: Sat Mar  7 03:14:52 PM UTC 2026 ===
=== Starting brief generation: Sat Mar  7 03:15:53 PM UTC 2026 ===
[main a3ce354] Update Afternoon brief: Saturday, March 7, 2026 03:15 PM
 3 files changed, 17 insertions(+), 17 deletions(-)
To github.com:nikhilist/morning-brief.git
   6c8ba17..a3ce354  main -> main
Afternoon brief generated with delta tracking
GitHub Pages: https://nikhilist.github.io/morning-brief/
=== Finished: Sat Mar  7 03:15:57 PM UTC 2026 ===
=== Starting brief generation: Sat Mar  7 03:16:13 PM UTC 2026 ===
[main 023fca0] Update Afternoon brief: Saturday, March 7, 2026 03:16 PM
 3 files changed, 13 insertions(+), 13 deletions(-)
To github.com:nikhilist/morning-brief.git
   a3ce354..023fca0  main -> main
Afternoon brief generated with delta tracking
GitHub Pages: https://nikhilist.github.io/morning-brief/
=== Finished: Sat Mar  7 03:16:26 PM UTC 2026 ===
=== Starting brief generation: Sat Mar  7 08:00:21 PM UTC 2026 ===
generate-brief-html.sh: line 106: [: "2": integer expression expected
[main e8762d0] Update Evening brief: Saturday, March 7, 2026 08:00 PM
 3 files changed, 33 insertions(+), 17 deletions(-)
To github.com:nikhilist/morning-brief.git
   2f0815a..e8762d0  main -> main
Evening brief generated with delta tracking
GitHub Pages: https://nikhilist.github.io/morning-brief/
=== Finished: Sat Mar  7 08:00:25 PM UTC 2026 ===
=== Starting brief generation: Mon Mar  9 02:02:08 AM UTC 2026 ===
[main ca6031e] Update Morning brief: Monday, March 9, 2026 02:02 AM
 3 files changed, 227 insertions(+), 100 deletions(-)
To github.com:nikhilist/morning-brief.git
   edd2fe8..ca6031e  main -> main
Morning brief generated with delta tracking
GitHub Pages: https://nikhilist.github.io/morning-brief/
=== Finished: Mon Mar  9 02:02:17 AM UTC 2026 ===
=== Starting brief generation: Wed Mar 11 08:01:07 PM UTC 2026 ===
./generate-brief-html.sh: line 112: [: "3": integer expression expected
[main e86a608] Update Evening brief: Wednesday, March 11, 2026 08:01 PM
 3 files changed, 219 insertions(+), 188 deletions(-)
To github.com:nikhilist/morning-brief.git
   806f9ab..e86a608  main -> main
Evening brief generated with delta tracking
GitHub Pages: https://nikhilist.github.io/morning-brief/
=== Finished: Wed Mar 11 08:01:13 PM UTC 2026 ===
=== Starting brief generation: Wed Mar 11 08:03:33 PM UTC 2026 ===
./generate-brief-html.sh: line 133: [: "3": integer expression expected
[main 278e6c2] Update Evening brief: Wednesday, March 11, 2026 08:03 PM
 3 files changed, 5 insertions(+), 13 deletions(-)
To github.com:nikhilist/morning-brief.git
   e86a608..278e6c2  main -> main
Evening brief generated with delta tracking
GitHub Pages: https://nikhilist.github.io/morning-brief/
=== Finished: Wed Mar 11 08:03:40 PM UTC 2026 ===
